[PREINITIALIZATION][SERVER][INFO] Current loaders after merging: [[preinit]]
[PREINITIALIZATION][SERVER][INFO] Loading scripts for loader with names [preinit]
[PREINITIALIZATION][SERVER][INFO] [preinit | SIDE_SERVER]: Skipping file {[0:crafttweaker]: recipes.zs} as we are currently loading with a different loader
[PREINITIALIZATION][SERVER][INFO] Completed script loading in: 1ms
[INITIALIZATION][SERVER][INFO] CraftTweaker: Building registry
[INITIALIZATION][SERVER][INFO] CraftTweaker: Successfully built item registry
[INITIALIZATION][SERVER][INFO] Current loaders after merging: [[preinit], [recipeevent | crafttweaker]]
[INITIALIZATION][SERVER][INFO] Loading scripts for loader with names [crafttweaker | recipeevent]
[INITIALIZATION][SERVER][INFO] [crafttweaker | SIDE_SERVER]: Loading Script: {[0:crafttweaker]: recipes.zs}
[INITIALIZATION][SERVER][ERROR] recipes.zs:6: Could not resolve <ic2 : itemcable>
[INITIALIZATION][SERVER][ERROR] recipes.zs:6: Could not resolve <ic2 : blockelectric : 13>
[INITIALIZATION][SERVER][ERROR] recipes.zs:6: Could not resolve <ic2 : blockmachinelv>
[INITIALIZATION][SERVER][ERROR] recipes.zs:6: Could not resolve <ic2 : itemcable>
[INITIALIZATION][SERVER][ERROR] recipes.zs:7: Could not resolve <ic2 : itemcable>
[INITIALIZATION][SERVER][ERROR] recipes.zs:7: Could not resolve <ic2 : blockelectric : 11>
[INITIALIZATION][SERVER][ERROR] recipes.zs:7: Could not resolve <ic2 : blockmachinelv>
[INITIALIZATION][SERVER][ERROR] recipes.zs:7: Could not resolve <ic2 : itemcable>
[INITIALIZATION][SERVER][ERROR] recipes.zs:8: Could not resolve <ic2 : itemcable>
[INITIALIZATION][SERVER][ERROR] recipes.zs:8: Could not resolve <ic2 : blockelectric : 10>
[INITIALIZATION][SERVER][ERROR] recipes.zs:8: Could not resolve <ic2 : blockmachinelv>
[INITIALIZATION][SERVER][ERROR] recipes.zs:8: Could not resolve <ic2 : itemcable>
[INITIALIZATION][SERVER][ERROR] recipes.zs:9: Could not resolve <ic2 : itemcable>
[INITIALIZATION][SERVER][ERROR] recipes.zs:9: Could not resolve <ic2 : blockelectric : 9>
[INITIALIZATION][SERVER][ERROR] recipes.zs:9: Could not resolve <ic2 : blockmachinelv>
[INITIALIZATION][SERVER][ERROR] recipes.zs:9: Could not resolve <ic2 : itemcable>
[INITIALIZATION][SERVER][ERROR] recipes.zs:10: Could not resolve <ic2 : itemcable>
[INITIALIZATION][SERVER][ERROR] recipes.zs:10: Could not resolve <ic2 : blockelectric : 8>
[INITIALIZATION][SERVER][ERROR] recipes.zs:10: Could not resolve <ic2 : blockmachinelv>
[INITIALIZATION][SERVER][ERROR] recipes.zs:10: Could not resolve <ic2 : itemcable>
[INITIALIZATION][SERVER][INFO] Completed script loading in: 276ms
[POSTINITIALIZATION][SERVER][INFO] Adding shaped recipe for IV Energy Producer (IC2) with name ct_shaped-443575261
[POSTINITIALIZATION][SERVER][INFO] Adding shaped recipe for EV Energy Producer (IC2) with name ct_shaped1494964036
[POSTINITIALIZATION][SERVER][INFO] Adding shaped recipe for HV Energy Producer (IC2) with name ct_shaped-861463963
[POSTINITIALIZATION][SERVER][INFO] Adding shaped recipe for MV Energy Producer (IC2) with name ct_shaped1077075334
[POSTINITIALIZATION][SERVER][INFO] Adding shaped recipe for LV Energy Producer (IC2) with name ct_shaped2019307677
[POSTINITIALIZATION][SERVER][INFO] Applying MrCrayfish's Furniture Mod changes...
